<?xml version="1.0" encoding="UTF-8"?>
<!-- Generated by org.testng.reporters.JUnitXMLReporter -->
<testsuite hostname="LAPTOP-9LNFVES2" ignored="0" name="Test-Runner-2" tests="2" failures="1" timestamp="02 Feb 2021 04:07:19 GMT" time="521.664" errors="0">
  <testcase name="createPuchaseOrderAddProduct" time="178.307" classname="com.crm.autodesk.purchasetest.CreatePuchaseOrderAddProductandPurchaseOrderUpward">
    <failure type="org.openqa.selenium.TimeoutException" message="Expected condition failed: waiting for element to be clickable: [[ChromeDriver: chrome on WINDOWS (55aa5127a5031783d3ac35b84a3df7af)] -&amp;gt; name: productname] (tried for 20 second(s) with 500 milliseconds interval)
Build info: version: &amp;apos;3.141.59&amp;apos;, revision: &amp;apos;e82be7d358&amp;apos;, time: &amp;apos;2018-11-14T08:17:03&amp;apos;
System info: host: &amp;apos;LAPTOP-9LNFVES2&amp;apos;, ip: &amp;apos;192.168.183.1&amp;apos;, os.name: &amp;apos;Windows 10&amp;apos;, os.arch: &amp;apos;amd64&amp;apos;, os.version: &amp;apos;10.0&amp;apos;, java.version: &amp;apos;1.8.0_271&amp;apos;
Driver info: org.openqa.selenium.chrome.ChromeDriver
Capabilities {acceptInsecureCerts: false, browserName: chrome, browserVersion: 88.0.4324.104, chrome: {chromedriverVersion: 87.0.4280.88 (89e2380a3e36c..., userDataDir: C:\Users\sravya\AppData\Loc...}, goog:chromeOptions: {debuggerAddress: localhost:64453}, javascriptEnabled: true, networkConnectionEnabled: false, pageLoadStrategy: normal, platform: WINDOWS, platformName: WINDOWS, proxy: Proxy(), setWindowRect: true, strictFileInteractability: false, timeouts: {implicit: 0, pageLoad: 300000, script: 30000}, unhandledPromptBehavior: dismiss and notify, webauthn:virtualAuthenticators: true}
Session ID: 55aa5127a5031783d3ac35b84a3df7af">
      <![CDATA[org.openqa.selenium.TimeoutException: Expected condition failed: waiting for element to be clickable: [[ChromeDriver: chrome on WINDOWS (55aa5127a5031783d3ac35b84a3df7af)] -> name: productname] (tried for 20 second(s) with 500 milliseconds interval)
Build info: version: '3.141.59', revision: 'e82be7d358', time: '2018-11-14T08:17:03'
System info: host: 'LAPTOP-9LNFVES2', ip: '192.168.183.1', os.name: 'Windows 10', os.arch: 'amd64', os.version: '10.0', java.version: '1.8.0_271'
Driver info: org.openqa.selenium.chrome.ChromeDriver
Capabilities {acceptInsecureCerts: false, browserName: chrome, browserVersion: 88.0.4324.104, chrome: {chromedriverVersion: 87.0.4280.88 (89e2380a3e36c..., userDataDir: C:\Users\sravya\AppData\Loc...}, goog:chromeOptions: {debuggerAddress: localhost:64453}, javascriptEnabled: true, networkConnectionEnabled: false, pageLoadStrategy: normal, platform: WINDOWS, platformName: WINDOWS, proxy: Proxy(), setWindowRect: true, strictFileInteractability: false, timeouts: {implicit: 0, pageLoad: 300000, script: 30000}, unhandledPromptBehavior: dismiss and notify, webauthn:virtualAuthenticators: true}
Session ID: 55aa5127a5031783d3ac35b84a3df7af
at org.openqa.selenium.support.ui.WebDriverWait.timeoutException(WebDriverWait.java:95)
at org.openqa.selenium.support.ui.FluentWait.until(FluentWait.java:272)
at com.crm.autodesk.genericlib.WebDriverUtiles.waitforElementToBeClickable(WebDriverUtiles.java:49)
at com.crm.autodesk.objectrrepositorylib.CreateNewProduct.createProduct(CreateNewProduct.java:23)
at com.crm.autodesk.purchasetest.CreatePuchaseOrderAddProductandPurchaseOrderUpward.createPuchaseOrderAddProduct(CreatePuchaseOrderAddProductandPurchaseOrderUpward.java:57)
at java.util.concurrent.FutureTask.run(FutureTask.java:266)
at java.util.concurrent.ThreadPoolExecutor.runWorker(ThreadPoolExecutor.java:1149)
at java.util.concurrent.ThreadPoolExecutor$Worker.run(ThreadPoolExecutor.java:624)
at java.lang.Thread.run(Thread.java:748)
... Removed 16 stack frames]]>
    </failure>
  </testcase> <!-- createPuchaseOrderAddProduct -->
  <testcase name="createPurchaseOrderUpward" time="219.077" classname="com.crm.autodesk.purchasetest.CreatePuchaseOrderAddProductandPurchaseOrderUpward"/>
</testsuite> <!-- Test-Runner-2 -->
